[ 2017-08-05T09:45:52+08:00 ] 127.0.0.1 /admin.php
INFO: [ app_init ] --START--
INFO: Run Behavior\BuildLiteBehavior [ RunTime:0.000013s ]
INFO: [ app_init ] --END-- [ RunTime:0.001191s ]
INFO: [ app_begin ] --START--
INFO: Run Behavior\ReadHtmlCacheBehavior [ RunTime:0.000699s ]
INFO: [ app_begin ] --END-- [ RunTime:0.000734s ]

[ 2017-08-05T09:45:53+08:00 ] 127.0.0.1 /admin.php
INFO: [ app_init ] --START--
INFO: Run Behavior\BuildLiteBehavior [ RunTime:0.000016s ]
INFO: [ app_init ] --END-- [ RunTime:0.001343s ]
INFO: [ app_begin ] --START--
INFO: Run Behavior\ReadHtmlCacheBehavior [ RunTime:0.000863s ]
INFO: [ app_begin ] --END-- [ RunTime:0.000925s ]

[ 2017-08-05T09:45:53+08:00 ] 127.0.0.1 /admin.php/Admin/Index/login.html
INFO: [ app_init ] --START--
INFO: Run Behavior\BuildLiteBehavior [ RunTime:0.000007s ]
INFO: [ app_init ] --END-- [ RunTime:0.000279s ]
INFO: [ app_begin ] --START--
INFO: Run Behavior\ReadHtmlCacheBehavior [ RunTime:0.000471s ]
INFO: [ app_begin ] --END-- [ RunTime:0.000501s ]
SQL: SHOW COLUMNS FROM `xz_admin` [ RunTime:0.0109s ]
INFO: [ view_parse ] --START--
INFO: [ template_filter ] --START--
INFO: Run Behavior\ContentReplaceBehavior [ RunTime:0.000082s ]
INFO: [ template_filter ] --END-- [ RunTime:0.000171s ]
INFO: Run Behavior\ParseTemplateBehavior [ RunTime:0.009885s ]
INFO: [ view_parse ] --END-- [ RunTime:0.009952s ]
INFO: [ view_filter ] --START--
INFO: Run Behavior\WriteHtmlCacheBehavior [ RunTime:0.000689s ]
INFO: [ view_filter ] --END-- [ RunTime:0.000735s ]
INFO: [ app_end ] --START--
INFO: Run Behavior\ShowPageTraceBehavior [ RunTime:0.001258s ]
INFO: [ app_end ] --END-- [ RunTime:0.001310s ]

[ 2017-08-05T09:45:53+08:00 ] 127.0.0.1 /admin.php/Admin/Index/verify.html
INFO: [ app_init ] --START--
INFO: Run Behavior\BuildLiteBehavior [ RunTime:0.000010s ]
INFO: [ app_init ] --END-- [ RunTime:0.000319s ]
INFO: [ app_begin ] --START--
INFO: Run Behavior\ReadHtmlCacheBehavior [ RunTime:0.000440s ]
INFO: [ app_begin ] --END-- [ RunTime:0.000474s ]
INFO: [ app_end ] --START--
INFO: Run Behavior\ShowPageTraceBehavior [ RunTime:0.000453s ]
INFO: [ app_end ] --END-- [ RunTime:0.000493s ]

[ 2017-08-05T09:46:04+08:00 ] 127.0.0.1 /admin.php/Admin/Index/login.html
INFO: [ app_init ] --START--
INFO: Run Behavior\BuildLiteBehavior [ RunTime:0.000013s ]
INFO: [ app_init ] --END-- [ RunTime:0.000353s ]
INFO: [ app_begin ] --START--
INFO: Run Behavior\ReadHtmlCacheBehavior [ RunTime:0.000463s ]
INFO: [ app_begin ] --END-- [ RunTime:0.000495s ]
SQL: SHOW COLUMNS FROM `xz_admin` [ RunTime:0.0108s ]
SQL: SELECT * FROM `xz_admin` WHERE `ue_username` = 'admin' AND `ue_password` = '21232f297a57a5a743894a0e4a801fc3' LIMIT 1   [ RunTime:0.0022s ]
SQL: UPDATE `xz_admin` SET `ue_login_num`=ue_login_num+1 WHERE `ue_username` = 'admin' AND `ue_password` = '21232f297a57a5a743894a0e4a801fc3' AND `id` = 1 [ RunTime:0.0019s ]
SQL: UPDATE `xz_admin` SET `ue_login_ip`='127.0.0.1' WHERE `ue_username` = 'admin' AND `ue_password` = '21232f297a57a5a743894a0e4a801fc3' AND `id` = 1 [ RunTime:0.0006s ]
SQL: UPDATE `xz_admin` SET `ue_login_time`='1501897564' WHERE `ue_username` = 'admin' AND `ue_password` = '21232f297a57a5a743894a0e4a801fc3' AND `id` = 1 [ RunTime:0.0006s ]
SQL: SHOW COLUMNS FROM `xz_admin_jilu` [ RunTime:0.0108s ]
SQL: INSERT INTO `xz_admin_jilu` (`jl_username`,`jl_login_ip`,`jl_operation`,`jl_login_time`) VALUES ('admin','127.0.0.1','登录','1501897564') [ RunTime:0.0014s ]

[ 2017-08-05T09:46:06+08:00 ] 127.0.0.1 /admin.php/Admin/Index/index.html
INFO: [ app_init ] --START--
INFO: Run Behavior\BuildLiteBehavior [ RunTime:0.000028s ]
INFO: [ app_init ] --END-- [ RunTime:0.000914s ]
INFO: [ app_begin ] --START--
INFO: Run Behavior\ReadHtmlCacheBehavior [ RunTime:0.001240s ]
INFO: [ app_begin ] --END-- [ RunTime:0.001340s ]
SQL: SHOW COLUMNS FROM `xz_admin` [ RunTime:0.0091s ]
SQL: SELECT * FROM `xz_admin` WHERE ( id=1 ) LIMIT 1   [ RunTime:0.0006s ]
INFO: [ view_parse ] --START--
INFO: [ template_filter ] --START--
INFO: Run Behavior\ContentReplaceBehavior [ RunTime:0.000353s ]
INFO: [ template_filter ] --END-- [ RunTime:0.000545s ]
INFO: Run Behavior\ParseTemplateBehavior [ RunTime:0.023089s ]
INFO: [ view_parse ] --END-- [ RunTime:0.023217s ]
INFO: [ view_filter ] --START--
INFO: Run Behavior\WriteHtmlCacheBehavior [ RunTime:0.000799s ]
INFO: [ view_filter ] --END-- [ RunTime:0.000892s ]
INFO: [ app_end ] --START--
INFO: Run Behavior\ShowPageTraceBehavior [ RunTime:0.001520s ]
INFO: [ app_end ] --END-- [ RunTime:0.001617s ]

[ 2017-08-05T09:46:06+08:00 ] 127.0.0.1 /admin.php/Admin/Index/welcome.html
INFO: [ app_init ] --START--
INFO: Run Behavior\BuildLiteBehavior [ RunTime:0.000017s ]
INFO: [ app_init ] --END-- [ RunTime:0.000509s ]
INFO: [ app_begin ] --START--
INFO: Run Behavior\ReadHtmlCacheBehavior [ RunTime:0.000763s ]
INFO: [ app_begin ] --END-- [ RunTime:0.000819s ]
INFO: [ view_parse ] --START--
INFO: [ template_filter ] --START--
INFO: Run Behavior\ContentReplaceBehavior [ RunTime:0.000051s ]
INFO: [ template_filter ] --END-- [ RunTime:0.000082s ]
INFO: Run Behavior\ParseTemplateBehavior [ RunTime:0.005217s ]
INFO: [ view_parse ] --END-- [ RunTime:0.005250s ]
INFO: [ view_filter ] --START--
INFO: Run Behavior\WriteHtmlCacheBehavior [ RunTime:0.000338s ]
INFO: [ view_filter ] --END-- [ RunTime:0.000365s ]
INFO: [ app_end ] --START--
INFO: Run Behavior\ShowPageTraceBehavior [ RunTime:0.000408s ]
INFO: [ app_end ] --END-- [ RunTime:0.000432s ]

[ 2017-08-05T09:46:07+08:00 ] 127.0.0.1 /admin.php/Admin/Base/isFlash.html
INFO: [ app_init ] --START--
INFO: Run Behavior\BuildLiteBehavior [ RunTime:0.000010s ]
INFO: [ app_init ] --END-- [ RunTime:0.000403s ]
INFO: [ app_begin ] --START--
INFO: Run Behavior\ReadHtmlCacheBehavior [ RunTime:0.000396s ]
INFO: [ app_begin ] --END-- [ RunTime:0.000425s ]
SQL: SHOW COLUMNS FROM `xz_admin` [ RunTime:0.0109s ]
SQL: SELECT * FROM `xz_admin` WHERE ( id=1 ) LIMIT 1   [ RunTime:0.0007s ]
SQL: SHOW COLUMNS FROM `xz_category` [ RunTime:0.0116s ]
SQL: SELECT * FROM `xz_category`  [ RunTime:0.0007s ]
NOTIC: [8] Use of undefined constant ture - assumed 'ture' E:\phpStudy\WWW\Application\Admin\Controller\BaseController.class.php 第 37 行.
INFO: [ app_end ] --START--
INFO: Run Behavior\ShowPageTraceBehavior [ RunTime:0.001977s ]
INFO: [ app_end ] --END-- [ RunTime:0.002096s ]

[ 2017-08-05T10:30:42+08:00 ] 127.0.0.1 /admin.php/Admin/Index/welcome.html
INFO: [ app_init ] --START--
INFO: Run Behavior\BuildLiteBehavior [ RunTime:0.000009s ]
INFO: [ app_init ] --END-- [ RunTime:0.000289s ]
INFO: [ app_begin ] --START--
INFO: Run Behavior\ReadHtmlCacheBehavior [ RunTime:0.000522s ]
INFO: [ app_begin ] --END-- [ RunTime:0.000554s ]
INFO: [ view_parse ] --START--
INFO: [ template_filter ] --START--
INFO: Run Behavior\ContentReplaceBehavior [ RunTime:0.000041s ]
INFO: [ template_filter ] --END-- [ RunTime:0.000075s ]
NOTIC: [8] Undefined index: admin_session E:\phpStudy\WWW\Application\Runtime\Cache\Admin\2623da78e72ccedba1983302ec5bbb67.php 第 27 行.
NOTIC: [8] Undefined index: admin_session E:\phpStudy\WWW\Application\Runtime\Cache\Admin\2623da78e72ccedba1983302ec5bbb67.php 第 28 行.
NOTIC: [8] Undefined index: admin_session E:\phpStudy\WWW\Application\Runtime\Cache\Admin\2623da78e72ccedba1983302ec5bbb67.php 第 28 行.
INFO: Run Behavior\ParseTemplateBehavior [ RunTime:0.005264s ]
INFO: [ view_parse ] --END-- [ RunTime:0.005302s ]
INFO: [ view_filter ] --START--
INFO: Run Behavior\WriteHtmlCacheBehavior [ RunTime:0.000311s ]
INFO: [ view_filter ] --END-- [ RunTime:0.000334s ]
INFO: [ app_end ] --START--
INFO: Run Behavior\ShowPageTraceBehavior [ RunTime:0.000424s ]
INFO: [ app_end ] --END-- [ RunTime:0.000448s ]

[ 2017-08-05T10:30:42+08:00 ] 127.0.0.1 /admin.php/Admin/Base/isFlash.html
INFO: [ app_init ] --START--
INFO: Run Behavior\BuildLiteBehavior [ RunTime:0.000011s ]
INFO: [ app_init ] --END-- [ RunTime:0.000315s ]
INFO: [ app_begin ] --START--
INFO: Run Behavior\ReadHtmlCacheBehavior [ RunTime:0.000607s ]
INFO: [ app_begin ] --END-- [ RunTime:0.000641s ]

[ 2017-08-05T10:30:43+08:00 ] 127.0.0.1 /admin.php/Admin/Index/login.html
INFO: [ app_init ] --START--
INFO: Run Behavior\BuildLiteBehavior [ RunTime:0.000011s ]
INFO: [ app_init ] --END-- [ RunTime:0.000342s ]
INFO: [ app_begin ] --START--
INFO: Run Behavior\ReadHtmlCacheBehavior [ RunTime:0.000444s ]
INFO: [ app_begin ] --END-- [ RunTime:0.000473s ]
SQL: SHOW COLUMNS FROM `xz_admin` [ RunTime:0.0104s ]
INFO: [ view_parse ] --START--
INFO: [ template_filter ] --START--
INFO: Run Behavior\ContentReplaceBehavior [ RunTime:0.000180s ]
INFO: [ template_filter ] --END-- [ RunTime:0.000303s ]
INFO: Run Behavior\ParseTemplateBehavior [ RunTime:0.018799s ]
INFO: [ view_parse ] --END-- [ RunTime:0.018945s ]
INFO: [ view_filter ] --START--
INFO: Run Behavior\WriteHtmlCacheBehavior [ RunTime:0.000991s ]
INFO: [ view_filter ] --END-- [ RunTime:0.001088s ]
INFO: [ app_end ] --START--
INFO: Run Behavior\ShowPageTraceBehavior [ RunTime:0.001780s ]
INFO: [ app_end ] --END-- [ RunTime:0.001894s ]

[ 2017-08-05T11:09:11+08:00 ] 127.0.0.1 /index.php/Admin/Index/index.html
INFO: [ app_init ] --START--
INFO: Run Behavior\BuildLiteBehavior [ RunTime:0.000010s ]
INFO: [ app_init ] --END-- [ RunTime:0.000359s ]
INFO: [ app_begin ] --START--
INFO: Run Behavior\ReadHtmlCacheBehavior [ RunTime:0.000575s ]
INFO: [ app_begin ] --END-- [ RunTime:0.000618s ]
SQL: SHOW COLUMNS FROM `xz_admin` [ RunTime:0.0119s ]
SQL: SELECT * FROM `xz_admin` WHERE ( id=1 ) LIMIT 1   [ RunTime:0.0008s ]
INFO: [ view_parse ] --START--
INFO: [ template_filter ] --START--
INFO: Run Behavior\ContentReplaceBehavior [ RunTime:0.000196s ]
INFO: [ template_filter ] --END-- [ RunTime:0.000276s ]
INFO: Run Behavior\ParseTemplateBehavior [ RunTime:0.025867s ]
INFO: [ view_parse ] --END-- [ RunTime:0.025993s ]
INFO: [ view_filter ] --START--
INFO: Run Behavior\WriteHtmlCacheBehavior [ RunTime:0.000729s ]
INFO: [ view_filter ] --END-- [ RunTime:0.000797s ]
INFO: [ app_end ] --START--
INFO: Run Behavior\ShowPageTraceBehavior [ RunTime:0.001193s ]
INFO: [ app_end ] --END-- [ RunTime:0.001264s ]

[ 2017-08-05T11:09:11+08:00 ] 127.0.0.1 /index.php/Admin/Index/welcome.html
INFO: [ app_init ] --START--
INFO: Run Behavior\BuildLiteBehavior [ RunTime:0.000012s ]
INFO: [ app_init ] --END-- [ RunTime:0.000479s ]
INFO: [ app_begin ] --START--
INFO: Run Behavior\ReadHtmlCacheBehavior [ RunTime:0.000460s ]
INFO: [ app_begin ] --END-- [ RunTime:0.000498s ]
INFO: [ view_parse ] --START--
INFO: [ template_filter ] --START--
INFO: Run Behavior\ContentReplaceBehavior [ RunTime:0.000057s ]
INFO: [ template_filter ] --END-- [ RunTime:0.000095s ]
INFO: Run Behavior\ParseTemplateBehavior [ RunTime:0.005185s ]
INFO: [ view_parse ] --END-- [ RunTime:0.005221s ]
INFO: [ view_filter ] --START--
INFO: Run Behavior\WriteHtmlCacheBehavior [ RunTime:0.000225s ]
INFO: [ view_filter ] --END-- [ RunTime:0.000253s ]
INFO: [ app_end ] --START--
INFO: Run Behavior\ShowPageTraceBehavior [ RunTime:0.000422s ]
INFO: [ app_end ] --END-- [ RunTime:0.000451s ]

[ 2017-08-05T11:09:12+08:00 ] 127.0.0.1 /index.php/Admin/Base/isFlash.html
INFO: [ app_init ] --START--
INFO: Run Behavior\BuildLiteBehavior [ RunTime:0.000010s ]
INFO: [ app_init ] --END-- [ RunTime:0.000301s ]
INFO: [ app_begin ] --START--
INFO: Run Behavior\ReadHtmlCacheBehavior [ RunTime:0.000417s ]
INFO: [ app_begin ] --END-- [ RunTime:0.000445s ]
SQL: SHOW COLUMNS FROM `xz_admin` [ RunTime:0.0104s ]
SQL: SELECT * FROM `xz_admin` WHERE ( id=1 ) LIMIT 1   [ RunTime:0.0007s ]
SQL: SHOW COLUMNS FROM `xz_category` [ RunTime:0.0096s ]
SQL: SELECT * FROM `xz_category`  [ RunTime:0.0003s ]
NOTIC: [8] Use of undefined constant ture - assumed 'ture' E:\phpStudy\WWW\App\Admin\Controller\BaseController.class.php 第 37 行.
INFO: [ app_end ] --START--
INFO: Run Behavior\ShowPageTraceBehavior [ RunTime:0.001012s ]
INFO: [ app_end ] --END-- [ RunTime:0.001072s ]

[ 2017-08-05T11:09:22+08:00 ] 127.0.0.1 /index.php/Admin/User/member_list.html
INFO: [ app_init ] --START--
INFO: Run Behavior\BuildLiteBehavior [ RunTime:0.000009s ]
INFO: [ app_init ] --END-- [ RunTime:0.000357s ]
INFO: [ app_begin ] --START--
INFO: Run Behavior\ReadHtmlCacheBehavior [ RunTime:0.000526s ]
INFO: [ app_begin ] --END-- [ RunTime:0.000566s ]
SQL: SHOW COLUMNS FROM `xz_admin` [ RunTime:0.0073s ]
SQL: SELECT * FROM `xz_admin` WHERE ( id=1 ) LIMIT 1   [ RunTime:0.0005s ]
SQL: SHOW COLUMNS FROM `xz_category` [ RunTime:0.0069s ]
SQL: SELECT * FROM `xz_category`  [ RunTime:0.0004s ]
INFO: [ view_parse ] --START--
INFO: [ template_filter ] --START--
INFO: Run Behavior\ContentReplaceBehavior [ RunTime:0.000171s ]
INFO: [ template_filter ] --END-- [ RunTime:0.000264s ]
NOTIC: [8] Undefined variable: list E:\phpStudy\WWW\App\Runtime\Cache\Admin\d4a7f925b738cba21e648fb68c526d7f.php 第 27 行.
NOTIC: [8] Undefined variable: list E:\phpStudy\WWW\App\Runtime\Cache\Admin\d4a7f925b738cba21e648fb68c526d7f.php 第 44 行.
INFO: Run Behavior\ParseTemplateBehavior [ RunTime:0.022340s ]
INFO: [ view_parse ] --END-- [ RunTime:0.022430s ]
INFO: [ view_filter ] --START--
INFO: Run Behavior\WriteHtmlCacheBehavior [ RunTime:0.000807s ]
INFO: [ view_filter ] --END-- [ RunTime:0.000887s ]
INFO: [ app_end ] --START--
INFO: Run Behavior\ShowPageTraceBehavior [ RunTime:0.001346s ]
INFO: [ app_end ] --END-- [ RunTime:0.001426s ]

[ 2017-08-05T11:09:26+08:00 ] 127.0.0.1 /index.php/Admin/Index/member-del.html
INFO: [ app_init ] --START--
INFO: Run Behavior\BuildLiteBehavior [ RunTime:0.000011s ]
INFO: [ app_init ] --END-- [ RunTime:0.000344s ]
INFO: [ app_begin ] --START--
INFO: Run Behavior\ReadHtmlCacheBehavior [ RunTime:0.000454s ]
INFO: [ app_begin ] --END-- [ RunTime:0.000491s ]
ERR: 非法操作:member-del

[ 2017-08-05T11:09:28+08:00 ] 127.0.0.1 /index.php/Admin/User/member_list.html
INFO: [ app_init ] --START--
INFO: Run Behavior\BuildLiteBehavior [ RunTime:0.000010s ]
INFO: [ app_init ] --END-- [ RunTime:0.000334s ]
INFO: [ app_begin ] --START--
INFO: Run Behavior\ReadHtmlCacheBehavior [ RunTime:0.000456s ]
INFO: [ app_begin ] --END-- [ RunTime:0.000492s ]
SQL: SHOW COLUMNS FROM `xz_admin` [ RunTime:0.0107s ]
SQL: SELECT * FROM `xz_admin` WHERE ( id=1 ) LIMIT 1   [ RunTime:0.0007s ]
SQL: SHOW COLUMNS FROM `xz_category` [ RunTime:0.0102s ]
SQL: SELECT * FROM `xz_category`  [ RunTime:0.0006s ]
INFO: [ view_parse ] --START--
INFO: [ template_filter ] --START--
INFO: Run Behavior\ContentReplaceBehavior [ RunTime:0.000159s ]
INFO: [ template_filter ] --END-- [ RunTime:0.000237s ]
NOTIC: [8] Undefined variable: list E:\phpStudy\WWW\App\Runtime\Cache\Admin\d4a7f925b738cba21e648fb68c526d7f.php 第 27 行.
NOTIC: [8] Undefined variable: list E:\phpStudy\WWW\App\Runtime\Cache\Admin\d4a7f925b738cba21e648fb68c526d7f.php 第 44 行.
INFO: Run Behavior\ParseTemplateBehavior [ RunTime:0.020981s ]
INFO: [ view_parse ] --END-- [ RunTime:0.021086s ]
INFO: [ view_filter ] --START--
INFO: Run Behavior\WriteHtmlCacheBehavior [ RunTime:0.000575s ]
INFO: [ view_filter ] --END-- [ RunTime:0.000647s ]
INFO: [ app_end ] --START--
INFO: Run Behavior\ShowPageTraceBehavior [ RunTime:0.001063s ]
INFO: [ app_end ] --END-- [ RunTime:0.001133s ]

[ 2017-08-05T11:09:31+08:00 ] 127.0.0.1 /index.php/Admin/User/memberAdd.html
INFO: [ app_init ] --START--
INFO: Run Behavior\BuildLiteBehavior [ RunTime:0.000012s ]
INFO: [ app_init ] --END-- [ RunTime:0.000368s ]
INFO: [ app_begin ] --START--
INFO: Run Behavior\ReadHtmlCacheBehavior [ RunTime:0.000444s ]
INFO: [ app_begin ] --END-- [ RunTime:0.000479s ]
SQL: SHOW COLUMNS FROM `xz_admin` [ RunTime:0.0029s ]
SQL: SELECT * FROM `xz_admin` WHERE ( id=1 ) LIMIT 1   [ RunTime:0.0002s ]
SQL: SHOW COLUMNS FROM `xz_category` [ RunTime:0.0027s ]
SQL: SELECT * FROM `xz_category`  [ RunTime:0.0002s ]
SQL: SHOW COLUMNS FROM `xz_member` [ RunTime:0.0027s ]
SQL: SELECT * FROM `xz_member` WHERE `uid` = 0 LIMIT 1   [ RunTime:0.0004s ]
INFO: [ view_parse ] --START--
INFO: [ template_filter ] --START--
INFO: Run Behavior\ContentReplaceBehavior [ RunTime:0.000049s ]
INFO: [ template_filter ] --END-- [ RunTime:0.000086s ]
INFO: Run Behavior\ParseTemplateBehavior [ RunTime:0.005942s ]
INFO: [ view_parse ] --END-- [ RunTime:0.006009s ]
INFO: [ view_filter ] --START--
INFO: Run Behavior\WriteHtmlCacheBehavior [ RunTime:0.000249s ]
INFO: [ view_filter ] --END-- [ RunTime:0.000277s ]
INFO: [ app_end ] --START--
INFO: Run Behavior\ShowPageTraceBehavior [ RunTime:0.000438s ]
INFO: [ app_end ] --END-- [ RunTime:0.000469s ]

[ 2017-08-05T11:13:49+08:00 ] 127.0.0.1 /index.php/Admin/User/memberAdd.html
INFO: [ app_init ] --START--
INFO: Run Behavior\BuildLiteBehavior [ RunTime:0.000011s ]
INFO: [ app_init ] --END-- [ RunTime:0.000383s ]
INFO: [ app_begin ] --START--
INFO: Run Behavior\ReadHtmlCacheBehavior [ RunTime:0.000473s ]
INFO: [ app_begin ] --END-- [ RunTime:0.000507s ]
SQL: SHOW COLUMNS FROM `xz_admin` [ RunTime:0.0085s ]
SQL: SELECT * FROM `xz_admin` WHERE ( id=1 ) LIMIT 1   [ RunTime:0.0005s ]
SQL: SHOW COLUMNS FROM `xz_category` [ RunTime:0.0061s ]
SQL: SELECT * FROM `xz_category`  [ RunTime:0.0004s ]
SQL: SHOW COLUMNS FROM `xz_member` [ RunTime:0.0061s ]
SQL: SELECT * FROM `xz_member` WHERE `uid` = 0 LIMIT 1   [ RunTime:0.0004s ]
INFO: [ view_parse ] --START--
INFO: [ template_filter ] --START--
INFO: Run Behavior\ContentReplaceBehavior [ RunTime:0.000111s ]
INFO: [ template_filter ] --END-- [ RunTime:0.000195s ]
INFO: Run Behavior\ParseTemplateBehavior [ RunTime:0.013368s ]
INFO: [ view_parse ] --END-- [ RunTime:0.013472s ]
INFO: [ view_filter ] --START--
INFO: Run Behavior\WriteHtmlCacheBehavior [ RunTime:0.000758s ]
INFO: [ view_filter ] --END-- [ RunTime:0.000827s ]
INFO: [ app_end ] --START--
INFO: Run Behavior\ShowPageTraceBehavior [ RunTime:0.001360s ]
INFO: [ app_end ] --END-- [ RunTime:0.001441s ]

[ 2017-08-05T11:15:30+08:00 ] 127.0.0.1 /index.php/Admin/User/memberAdd.html
INFO: [ app_init ] --START--
INFO: Run Behavior\BuildLiteBehavior [ RunTime:0.000012s ]
INFO: [ app_init ] --END-- [ RunTime:0.000342s ]
INFO: [ app_begin ] --START--
INFO: Run Behavior\ReadHtmlCacheBehavior [ RunTime:0.000458s ]
INFO: [ app_begin ] --END-- [ RunTime:0.000494s ]
SQL: SHOW COLUMNS FROM `xz_admin` [ RunTime:0.0072s ]
SQL: SELECT * FROM `xz_admin` WHERE ( id=1 ) LIMIT 1   [ RunTime:0.0004s ]
SQL: SHOW COLUMNS FROM `xz_category` [ RunTime:0.0053s ]
SQL: SELECT * FROM `xz_category`  [ RunTime:0.0003s ]
SQL: SHOW COLUMNS FROM `xz_member` [ RunTime:0.0051s ]
SQL: SELECT * FROM `xz_member` WHERE `uid` = 0 LIMIT 1   [ RunTime:0.0003s ]
INFO: [ view_parse ] --START--
INFO: [ template_filter ] --START--
INFO: Run Behavior\ContentReplaceBehavior [ RunTime:0.000095s ]
INFO: [ template_filter ] --END-- [ RunTime:0.000165s ]
INFO: Run Behavior\ParseTemplateBehavior [ RunTime:0.011142s ]
INFO: [ view_parse ] --END-- [ RunTime:0.011230s ]
INFO: [ view_filter ] --START--
INFO: Run Behavior\WriteHtmlCacheBehavior [ RunTime:0.000610s ]
INFO: [ view_filter ] --END-- [ RunTime:0.000669s ]
INFO: [ app_end ] --START--
INFO: Run Behavior\ShowPageTraceBehavior [ RunTime:0.001036s ]
INFO: [ app_end ] --END-- [ RunTime:0.001105s ]

[ 2017-08-05T11:15:54+08:00 ] 127.0.0.1 /index.php/Admin/Index/index.html
INFO: [ app_init ] --START--
INFO: Run Behavior\BuildLiteBehavior [ RunTime:0.000010s ]
INFO: [ app_init ] --END-- [ RunTime:0.000356s ]
INFO: [ app_begin ] --START--
INFO: Run Behavior\ReadHtmlCacheBehavior [ RunTime:0.000534s ]
INFO: [ app_begin ] --END-- [ RunTime:0.000582s ]
SQL: SHOW COLUMNS FROM `xz_admin` [ RunTime:0.0124s ]
SQL: SELECT * FROM `xz_admin` WHERE ( id=1 ) LIMIT 1   [ RunTime:0.0008s ]
INFO: [ view_parse ] --START--
INFO: [ template_filter ] --START--
INFO: Run Behavior\ContentReplaceBehavior [ RunTime:0.000337s ]
INFO: [ template_filter ] --END-- [ RunTime:0.000473s ]
INFO: Run Behavior\ParseTemplateBehavior [ RunTime:0.029080s ]
INFO: [ view_parse ] --END-- [ RunTime:0.029241s ]
INFO: [ view_filter ] --START--
INFO: Run Behavior\WriteHtmlCacheBehavior [ RunTime:0.001227s ]
INFO: [ view_filter ] --END-- [ RunTime:0.001348s ]
INFO: [ app_end ] --START--
INFO: Run Behavior\ShowPageTraceBehavior [ RunTime:0.002038s ]
INFO: [ app_end ] --END-- [ RunTime:0.002159s ]

[ 2017-08-05T11:15:54+08:00 ] 127.0.0.1 /index.php/Admin/Index/welcome.html
INFO: [ app_init ] --START--
INFO: Run Behavior\BuildLiteBehavior [ RunTime:0.000016s ]
INFO: [ app_init ] --END-- [ RunTime:0.000371s ]
INFO: [ app_begin ] --START--
INFO: Run Behavior\ReadHtmlCacheBehavior [ RunTime:0.000631s ]
INFO: [ app_begin ] --END-- [ RunTime:0.000678s ]
INFO: [ view_parse ] --START--
INFO: [ template_filter ] --START--
INFO: Run Behavior\ContentReplaceBehavior [ RunTime:0.000064s ]
INFO: [ template_filter ] --END-- [ RunTime:0.000108s ]
INFO: Run Behavior\ParseTemplateBehavior [ RunTime:0.007066s ]
INFO: [ view_parse ] --END-- [ RunTime:0.007113s ]
INFO: [ view_filter ] --START--
INFO: Run Behavior\WriteHtmlCacheBehavior [ RunTime:0.000264s ]
INFO: [ view_filter ] --END-- [ RunTime:0.000291s ]
INFO: [ app_end ] --START--
INFO: Run Behavior\ShowPageTraceBehavior [ RunTime:0.000425s ]
INFO: [ app_end ] --END-- [ RunTime:0.000453s ]

[ 2017-08-05T11:15:56+08:00 ] 127.0.0.1 /index.php/Admin/Base/isFlash.html
INFO: [ app_init ] --START--
INFO: Run Behavior\BuildLiteBehavior [ RunTime:0.000010s ]
INFO: [ app_init ] --END-- [ RunTime:0.000270s ]
INFO: [ app_begin ] --START--
INFO: Run Behavior\ReadHtmlCacheBehavior [ RunTime:0.000405s ]
INFO: [ app_begin ] --END-- [ RunTime:0.000435s ]
SQL: SHOW COLUMNS FROM `xz_admin` [ RunTime:0.0121s ]
SQL: SELECT * FROM `xz_admin` WHERE ( id=1 ) LIMIT 1   [ RunTime:0.0007s ]
SQL: SHOW COLUMNS FROM `xz_category` [ RunTime:0.0100s ]
SQL: SELECT * FROM `xz_category`  [ RunTime:0.0006s ]
NOTIC: [8] Use of undefined constant ture - assumed 'ture' E:\phpStudy\WWW\App\Admin\Controller\BaseController.class.php 第 37 行.
INFO: [ app_end ] --START--
INFO: Run Behavior\ShowPageTraceBehavior [ RunTime:0.001877s ]
INFO: [ app_end ] --END-- [ RunTime:0.001997s ]

[ 2017-08-05T11:16:01+08:00 ] 127.0.0.1 /index.php/Admin/Index/index.html
INFO: [ app_init ] --START--
INFO: Run Behavior\BuildLiteBehavior [ RunTime:0.000011s ]
INFO: [ app_init ] --END-- [ RunTime:0.000343s ]
INFO: [ app_begin ] --START--
INFO: Run Behavior\ReadHtmlCacheBehavior [ RunTime:0.000457s ]
INFO: [ app_begin ] --END-- [ RunTime:0.000493s ]
SQL: SHOW COLUMNS FROM `xz_admin` [ RunTime:0.0124s ]
SQL: SELECT * FROM `xz_admin` WHERE ( id=1 ) LIMIT 1   [ RunTime:0.0007s ]
INFO: [ view_parse ] --START--
INFO: [ template_filter ] --START--
INFO: Run Behavior\ContentReplaceBehavior [ RunTime:0.000334s ]
INFO: [ template_filter ] --END-- [ RunTime:0.000473s ]
INFO: Run Behavior\ParseTemplateBehavior [ RunTime:0.027884s ]
INFO: [ view_parse ] --END-- [ RunTime:0.028047s ]
INFO: [ view_filter ] --START--
INFO: Run Behavior\WriteHtmlCacheBehavior [ RunTime:0.000920s ]
INFO: [ view_filter ] --END-- [ RunTime:0.001035s ]
INFO: [ app_end ] --START--
INFO: Run Behavior\ShowPageTraceBehavior [ RunTime:0.001790s ]
INFO: [ app_end ] --END-- [ RunTime:0.001910s ]

[ 2017-08-05T11:16:01+08:00 ] 127.0.0.1 /index.php/Admin/Index/welcome.html
INFO: [ app_init ] --START--
INFO: Run Behavior\BuildLiteBehavior [ RunTime:0.000013s ]
INFO: [ app_init ] --END-- [ RunTime:0.000396s ]
INFO: [ app_begin ] --START--
INFO: Run Behavior\ReadHtmlCacheBehavior [ RunTime:0.000525s ]
INFO: [ app_begin ] --END-- [ RunTime:0.000566s ]
INFO: [ view_parse ] --START--
INFO: [ template_filter ] --START--
INFO: Run Behavior\ContentReplaceBehavior [ RunTime:0.000058s ]
INFO: [ template_filter ] --END-- [ RunTime:0.000099s ]
INFO: Run Behavior\ParseTemplateBehavior [ RunTime:0.005742s ]
INFO: [ view_parse ] --END-- [ RunTime:0.005777s ]
INFO: [ view_filter ] --START--
INFO: Run Behavior\WriteHtmlCacheBehavior [ RunTime:0.000275s ]
INFO: [ view_filter ] --END-- [ RunTime:0.000302s ]
INFO: [ app_end ] --START--
INFO: Run Behavior\ShowPageTraceBehavior [ RunTime:0.000461s ]
INFO: [ app_end ] --END-- [ RunTime:0.000490s ]

[ 2017-08-05T11:16:02+08:00 ] 127.0.0.1 /index.php/Admin/Base/isFlash.html
INFO: [ app_init ] --START--
INFO: Run Behavior\BuildLiteBehavior [ RunTime:0.000011s ]
INFO: [ app_init ] --END-- [ RunTime:0.000310s ]
INFO: [ app_begin ] --START--
INFO: Run Behavior\ReadHtmlCacheBehavior [ RunTime:0.000389s ]
INFO: [ app_begin ] --END-- [ RunTime:0.000417s ]
SQL: SHOW COLUMNS FROM `xz_admin` [ RunTime:0.0108s ]
SQL: SELECT * FROM `xz_admin` WHERE ( id=1 ) LIMIT 1   [ RunTime:0.0007s ]
SQL: SHOW COLUMNS FROM `xz_category` [ RunTime:0.0102s ]
SQL: SELECT * FROM `xz_category`  [ RunTime:0.0006s ]
NOTIC: [8] Use of undefined constant ture - assumed 'ture' E:\phpStudy\WWW\App\Admin\Controller\BaseController.class.php 第 37 行.
INFO: [ app_end ] --START--
INFO: Run Behavior\ShowPageTraceBehavior [ RunTime:0.001892s ]
INFO: [ app_end ] --END-- [ RunTime:0.002012s ]

[ 2017-08-05T11:16:06+08:00 ] 127.0.0.1 /index.php/Admin/User/member_list.html
INFO: [ app_init ] --START--
INFO: Run Behavior\BuildLiteBehavior [ RunTime:0.000012s ]
INFO: [ app_init ] --END-- [ RunTime:0.000339s ]
INFO: [ app_begin ] --START--
INFO: Run Behavior\ReadHtmlCacheBehavior [ RunTime:0.000451s ]
INFO: [ app_begin ] --END-- [ RunTime:0.000486s ]
SQL: SHOW COLUMNS FROM `xz_admin` [ RunTime:0.0055s ]
SQL: SELECT * FROM `xz_admin` WHERE ( id=1 ) LIMIT 1   [ RunTime:0.0004s ]
SQL: SHOW COLUMNS FROM `xz_category` [ RunTime:0.0051s ]
SQL: SELECT * FROM `xz_category`  [ RunTime:0.0003s ]
SQL: SHOW COLUMNS FROM `xz_member` [ RunTime:0.0054s ]
SQL: SELECT * FROM `xz_member`  [ RunTime:0.0004s ]
INFO: [ view_parse ] --START--
INFO: [ template_filter ] --START--
INFO: Run Behavior\ContentReplaceBehavior [ RunTime:0.000123s ]
INFO: [ template_filter ] --END-- [ RunTime:0.000191s ]
NOTIC: [8] Undefined index: id E:\phpStudy\WWW\App\Runtime\Cache\Admin\d4a7f925b738cba21e648fb68c526d7f.php 第 45 行.
NOTIC: [8] Undefined index: id E:\phpStudy\WWW\App\Runtime\Cache\Admin\d4a7f925b738cba21e648fb68c526d7f.php 第 46 行.
NOTIC: [8] Undefined index: compellation E:\phpStudy\WWW\App\Runtime\Cache\Admin\d4a7f925b738cba21e648fb68c526d7f.php 第 47 行.
NOTIC: [8] Undefined index: id E:\phpStudy\WWW\App\Runtime\Cache\Admin\d4a7f925b738cba21e648fb68c526d7f.php 第 47 行.
NOTIC: [8] Undefined index: username E:\phpStudy\WWW\App\Runtime\Cache\Admin\d4a7f925b738cba21e648fb68c526d7f.php 第 48 行.
NOTIC: [8] Undefined index: sex E:\phpStudy\WWW\App\Runtime\Cache\Admin\d4a7f925b738cba21e648fb68c526d7f.php 第 52 行.
NOTIC: [8] Undefined index: img E:\phpStudy\WWW\App\Runtime\Cache\Admin\d4a7f925b738cba21e648fb68c526d7f.php 第 54 行.
NOTIC: [8] Undefined index: email E:\phpStudy\WWW\App\Runtime\Cache\Admin\d4a7f925b738cba21e648fb68c526d7f.php 第 55 行.
NOTIC: [8] Undefined index: address E:\phpStudy\WWW\App\Runtime\Cache\Admin\d4a7f925b738cba21e648fb68c526d7f.php 第 56 行.
NOTIC: [8] Undefined index: detail_address E:\phpStudy\WWW\App\Runtime\Cache\Admin\d4a7f925b738cba21e648fb68c526d7f.php 第 56 行.
NOTIC: [8] Undefined index: active E:\phpStudy\WWW\App\Runtime\Cache\Admin\d4a7f925b738cba21e648fb68c526d7f.php 第 59 行.
NOTIC: [8] Undefined index: active E:\phpStudy\WWW\App\Runtime\Cache\Admin\d4a7f925b738cba21e648fb68c526d7f.php 第 64 行.
NOTIC: [8] Undefined index: id E:\phpStudy\WWW\App\Runtime\Cache\Admin\d4a7f925b738cba21e648fb68c526d7f.php 第 66 行.
NOTIC: [8] Undefined index: id E:\phpStudy\WWW\App\Runtime\Cache\Admin\d4a7f925b738cba21e648fb68c526d7f.php 第 68 行.
NOTIC: [8] Undefined index: id E:\phpStudy\WWW\App\Runtime\Cache\Admin\d4a7f925b738cba21e648fb68c526d7f.php 第 68 行.
INFO: Run Behavior\ParseTemplateBehavior [ RunTime:0.014345s ]
INFO: [ view_parse ] --END-- [ RunTime:0.014423s ]
INFO: [ view_filter ] --START--
INFO: Run Behavior\WriteHtmlCacheBehavior [ RunTime:0.000501s ]
INFO: [ view_filter ] --END-- [ RunTime:0.000559s ]
INFO: [ app_end ] --START--
INFO: Run Behavior\ShowPageTraceBehavior [ RunTime:0.000925s ]
INFO: [ app_end ] --END-- [ RunTime:0.000985s ]

[ 2017-08-05T11:16:08+08:00 ] 127.0.0.1 /index.php/Admin/User/memberAdd.html
INFO: [ app_init ] --START--
INFO: Run Behavior\BuildLiteBehavior [ RunTime:0.000012s ]
INFO: [ app_init ] --END-- [ RunTime:0.000349s ]
INFO: [ app_begin ] --START--
INFO: Run Behavior\ReadHtmlCacheBehavior [ RunTime:0.000466s ]
INFO: [ app_begin ] --END-- [ RunTime:0.000503s ]
SQL: SHOW COLUMNS FROM `xz_admin` [ RunTime:0.0058s ]
SQL: SELECT * FROM `xz_admin` WHERE ( id=1 ) LIMIT 1   [ RunTime:0.0004s ]
SQL: SHOW COLUMNS FROM `xz_category` [ RunTime:0.0052s ]
SQL: SELECT * FROM `xz_category`  [ RunTime:0.0003s ]
SQL: SHOW COLUMNS FROM `xz_member` [ RunTime:0.0051s ]
SQL: SELECT * FROM `xz_member` WHERE `uid` = 0 LIMIT 1   [ RunTime:0.0003s ]
INFO: [ view_parse ] --START--
INFO: [ template_filter ] --START--
INFO: Run Behavior\ContentReplaceBehavior [ RunTime:0.000099s ]
INFO: [ template_filter ] --END-- [ RunTime:0.000178s ]
INFO: Run Behavior\ParseTemplateBehavior [ RunTime:0.010682s ]
INFO: [ view_parse ] --END-- [ RunTime:0.010771s ]
INFO: [ view_filter ] --START--
INFO: Run Behavior\WriteHtmlCacheBehavior [ RunTime:0.000480s ]
INFO: [ view_filter ] --END-- [ RunTime:0.000537s ]
INFO: [ app_end ] --START--
INFO: Run Behavior\ShowPageTraceBehavior [ RunTime:0.000924s ]
INFO: [ app_end ] --END-- [ RunTime:0.000987s ]

[ 2017-08-05T11:17:58+08:00 ] 127.0.0.1 /index.php/Admin/User/memberAdd.html
INFO: [ app_init ] --START--
INFO: Run Behavior\BuildLiteBehavior [ RunTime:0.000011s ]
INFO: [ app_init ] --END-- [ RunTime:0.000368s ]
INFO: [ app_begin ] --START--
INFO: Run Behavior\ReadHtmlCacheBehavior [ RunTime:0.000616s ]
INFO: [ app_begin ] --END-- [ RunTime:0.000651s ]
SQL: SHOW COLUMNS FROM `xz_admin` [ RunTime:0.0114s ]
SQL: SELECT * FROM `xz_admin` WHERE ( id=1 ) LIMIT 1   [ RunTime:0.0008s ]
SQL: SHOW COLUMNS FROM `xz_category` [ RunTime:0.0099s ]
SQL: SELECT * FROM `xz_category`  [ RunTime:0.0006s ]
SQL: SHOW COLUMNS FROM `xz_member` [ RunTime:0.0077s ]
SQL: SELECT * FROM `xz_member` WHERE `uid` = 0 LIMIT 1   [ RunTime:0.0004s ]
INFO: [ view_parse ] --START--
INFO: [ template_filter ] --START--
INFO: Run Behavior\ContentReplaceBehavior [ RunTime:0.000097s ]
INFO: [ template_filter ] --END-- [ RunTime:0.000164s ]
INFO: Run Behavior\ParseTemplateBehavior [ RunTime:0.011955s ]
INFO: [ view_parse ] --END-- [ RunTime:0.012047s ]
INFO: [ view_filter ] --START--
INFO: Run Behavior\WriteHtmlCacheBehavior [ RunTime:0.000859s ]
INFO: [ view_filter ] --END-- [ RunTime:0.000918s ]
INFO: [ app_end ] --START--
INFO: Run Behavior\ShowPageTraceBehavior [ RunTime:0.001282s ]
INFO: [ app_end ] --END-- [ RunTime:0.001343s ]

[ 2017-08-05T11:20:53+08:00 ] 127.0.0.1 /index.php/Admin/User/memberAdd.html
INFO: [ app_init ] --START--
INFO: Run Behavior\BuildLiteBehavior [ RunTime:0.000012s ]
INFO: [ app_init ] --END-- [ RunTime:0.000341s ]
INFO: [ app_begin ] --START--
INFO: Run Behavior\ReadHtmlCacheBehavior [ RunTime:0.000494s ]
INFO: [ app_begin ] --END-- [ RunTime:0.000531s ]
SQL: SHOW COLUMNS FROM `xz_admin` [ RunTime:0.0114s ]
SQL: SELECT * FROM `xz_admin` WHERE ( id=1 ) LIMIT 1   [ RunTime:0.0007s ]
SQL: SHOW COLUMNS FROM `xz_category` [ RunTime:0.0093s ]
SQL: SELECT * FROM `xz_category`  [ RunTime:0.0007s ]
SQL: SHOW COLUMNS FROM `xz_member` [ RunTime:0.0094s ]
SQL: SELECT * FROM `xz_member` WHERE `uid` = 0 LIMIT 1   [ RunTime:0.0007s ]
INFO: [ view_parse ] --START--
INFO: [ template_filter ] --START--
INFO: Run Behavior\ContentReplaceBehavior [ RunTime:0.000184s ]
INFO: [ template_filter ] --END-- [ RunTime:0.000314s ]
INFO: Run Behavior\ParseTemplateBehavior [ RunTime:0.021562s ]
INFO: [ view_parse ] --END-- [ RunTime:0.021734s ]
INFO: [ view_filter ] --START--
INFO: Run Behavior\WriteHtmlCacheBehavior [ RunTime:0.001178s ]
INFO: [ view_filter ] --END-- [ RunTime:0.001296s ]
INFO: [ app_end ] --START--
INFO: Run Behavior\ShowPageTraceBehavior [ RunTime:0.002101s ]
INFO: [ app_end ] --END-- [ RunTime:0.002225s ]

[ 2017-08-05T11:22:48+08:00 ] 127.0.0.1 /index.php/Admin/Index/index.html
INFO: [ app_init ] --START--
INFO: Run Behavior\BuildLiteBehavior [ RunTime:0.000022s ]
INFO: [ app_init ] --END-- [ RunTime:0.000682s ]
INFO: [ app_begin ] --START--
INFO: Run Behavior\ReadHtmlCacheBehavior [ RunTime:0.000927s ]
INFO: [ app_begin ] --END-- [ RunTime:0.001000s ]
SQL: SHOW COLUMNS FROM `xz_admin` [ RunTime:0.0111s ]
SQL: SELECT * FROM `xz_admin` WHERE ( id=1 ) LIMIT 1   [ RunTime:0.0007s ]
INFO: [ view_parse ] --START--
INFO: [ template_filter ] --START--
INFO: Run Behavior\ContentReplaceBehavior [ RunTime:0.000336s ]
INFO: [ template_filter ] --END-- [ RunTime:0.000475s ]
INFO: Run Behavior\ParseTemplateBehavior [ RunTime:0.028387s ]
INFO: [ view_parse ] --END-- [ RunTime:0.028543s ]
INFO: [ view_filter ] --START--
INFO: Run Behavior\WriteHtmlCacheBehavior [ RunTime:0.000972s ]
INFO: [ view_filter ] --END-- [ RunTime:0.001089s ]
INFO: [ app_end ] --START--
INFO: Run Behavior\ShowPageTraceBehavior [ RunTime:0.001821s ]
INFO: [ app_end ] --END-- [ RunTime:0.001940s ]

[ 2017-08-05T11:22:48+08:00 ] 127.0.0.1 /index.php/Admin/Index/welcome.html
INFO: [ app_init ] --START--
INFO: Run Behavior\BuildLiteBehavior [ RunTime:0.000015s ]
INFO: [ app_init ] --END-- [ RunTime:0.000464s ]
INFO: [ app_begin ] --START--
INFO: Run Behavior\ReadHtmlCacheBehavior [ RunTime:0.000723s ]
INFO: [ app_begin ] --END-- [ RunTime:0.000779s ]
INFO: [ view_parse ] --START--
INFO: [ template_filter ] --START--
INFO: Run Behavior\ContentReplaceBehavior [ RunTime:0.000059s ]
INFO: [ template_filter ] --END-- [ RunTime:0.000106s ]
INFO: Run Behavior\ParseTemplateBehavior [ RunTime:0.006540s ]
INFO: [ view_parse ] --END-- [ RunTime:0.006579s ]
INFO: [ view_filter ] --START--
INFO: Run Behavior\WriteHtmlCacheBehavior [ RunTime:0.000356s ]
INFO: [ view_filter ] --END-- [ RunTime:0.000389s ]
INFO: [ app_end ] --START--
INFO: Run Behavior\ShowPageTraceBehavior [ RunTime:0.000463s ]
INFO: [ app_end ] --END-- [ RunTime:0.000488s ]

[ 2017-08-05T11:22:49+08:00 ] 127.0.0.1 /index.php/Admin/Base/isFlash.html
INFO: [ app_init ] --START--
INFO: Run Behavior\BuildLiteBehavior [ RunTime:0.000010s ]
INFO: [ app_init ] --END-- [ RunTime:0.000359s ]
INFO: [ app_begin ] --START--
INFO: Run Behavior\ReadHtmlCacheBehavior [ RunTime:0.000400s ]
INFO: [ app_begin ] --END-- [ RunTime:0.000429s ]
SQL: SHOW COLUMNS FROM `xz_admin` [ RunTime:0.0108s ]
SQL: SELECT * FROM `xz_admin` WHERE ( id=1 ) LIMIT 1   [ RunTime:0.0007s ]
SQL: SHOW COLUMNS FROM `xz_category` [ RunTime:0.0089s ]
SQL: SELECT * FROM `xz_category`  [ RunTime:0.0006s ]
NOTIC: [8] Use of undefined constant ture - assumed 'ture' E:\phpStudy\WWW\App\Admin\Controller\BaseController.class.php 第 37 行.
INFO: [ app_end ] --START--
INFO: Run Behavior\ShowPageTraceBehavior [ RunTime:0.001875s ]
INFO: [ app_end ] --END-- [ RunTime:0.001994s ]

[ 2017-08-05T11:22:59+08:00 ] 127.0.0.1 /index.php/Admin/User/member_list.html
INFO: [ app_init ] --START--
INFO: Run Behavior\BuildLiteBehavior [ RunTime:0.000012s ]
INFO: [ app_init ] --END-- [ RunTime:0.000313s ]
INFO: [ app_begin ] --START--
INFO: Run Behavior\ReadHtmlCacheBehavior [ RunTime:0.000432s ]
INFO: [ app_begin ] --END-- [ RunTime:0.000468s ]
SQL: SHOW COLUMNS FROM `xz_admin` [ RunTime:0.0033s ]
SQL: SELECT * FROM `xz_admin` WHERE ( id=1 ) LIMIT 1   [ RunTime:0.0004s ]
SQL: SHOW COLUMNS FROM `xz_category` [ RunTime:0.0030s ]
SQL: SELECT * FROM `xz_category`  [ RunTime:0.0002s ]
SQL: SHOW COLUMNS FROM `xz_member` [ RunTime:0.0027s ]
SQL: SELECT * FROM `xz_member`  [ RunTime:0.0002s ]
INFO: [ view_parse ] --START--
INFO: [ template_filter ] --START--
INFO: Run Behavior\ContentReplaceBehavior [ RunTime:0.000062s ]
INFO: [ template_filter ] --END-- [ RunTime:0.000094s ]
NOTIC: [8] Undefined index: id E:\phpStudy\WWW\App\Runtime\Cache\Admin\d4a7f925b738cba21e648fb68c526d7f.php 第 45 行.
NOTIC: [8] Undefined index: id E:\phpStudy\WWW\App\Runtime\Cache\Admin\d4a7f925b738cba21e648fb68c526d7f.php 第 46 行.
NOTIC: [8] Undefined index: compellation E:\phpStudy\WWW\App\Runtime\Cache\Admin\d4a7f925b738cba21e648fb68c526d7f.php 第 47 行.
NOTIC: [8] Undefined index: id E:\phpStudy\WWW\App\Runtime\Cache\Admin\d4a7f925b738cba21e648fb68c526d7f.php 第 47 行.
NOTIC: [8] Undefined index: username E:\phpStudy\WWW\App\Runtime\Cache\Admin\d4a7f925b738cba21e648fb68c526d7f.php 第 48 行.
NOTIC: [8] Undefined index: sex E:\phpStudy\WWW\App\Runtime\Cache\Admin\d4a7f925b738cba21e648fb68c526d7f.php 第 52 行.
NOTIC: [8] Undefined index: img E:\phpStudy\WWW\App\Runtime\Cache\Admin\d4a7f925b738cba21e648fb68c526d7f.php 第 54 行.
NOTIC: [8] Undefined index: email E:\phpStudy\WWW\App\Runtime\Cache\Admin\d4a7f925b738cba21e648fb68c526d7f.php 第 55 行.
NOTIC: [8] Undefined index: address E:\phpStudy\WWW\App\Runtime\Cache\Admin\d4a7f925b738cba21e648fb68c526d7f.php 第 56 行.
NOTIC: [8] Undefined index: detail_address E:\phpStudy\WWW\App\Runtime\Cache\Admin\d4a7f925b738cba21e648fb68c526d7f.php 第 56 行.
NOTIC: [8] Undefined index: active E:\phpStudy\WWW\App\Runtime\Cache\Admin\d4a7f925b738cba21e648fb68c526d7f.php 第 59 行.
NOTIC: [8] Undefined index: active E:\phpStudy\WWW\App\Runtime\Cache\Admin\d4a7f925b738cba21e648fb68c526d7f.php 第 64 行.
NOTIC: [8] Undefined index: id E:\phpStudy\WWW\App\Runtime\Cache\Admin\d4a7f925b738cba21e648fb68c526d7f.php 第 66 行.
NOTIC: [8] Undefined index: id E:\phpStudy\WWW\App\Runtime\Cache\Admin\d4a7f925b738cba21e648fb68c526d7f.php 第 68 行.
NOTIC: [8] Undefined index: id E:\phpStudy\WWW\App\Runtime\Cache\Admin\d4a7f925b738cba21e648fb68c526d7f.php 第 68 行.
INFO: Run Behavior\ParseTemplateBehavior [ RunTime:0.006691s ]
INFO: [ view_parse ] --END-- [ RunTime:0.006728s ]
INFO: [ view_filter ] --START--
INFO: Run Behavior\WriteHtmlCacheBehavior [ RunTime:0.000243s ]
INFO: [ view_filter ] --END-- [ RunTime:0.000270s ]
INFO: [ app_end ] --START--
INFO: Run Behavior\ShowPageTraceBehavior [ RunTime:0.000443s ]
INFO: [ app_end ] --END-- [ RunTime:0.000472s ]

[ 2017-08-05T11:22:59+08:00 ] 127.0.0.1 /index.php/Admin/Index/member-del.html
INFO: [ app_init ] --START--
INFO: Run Behavior\BuildLiteBehavior [ RunTime:0.000011s ]
INFO: [ app_init ] --END-- [ RunTime:0.000362s ]
INFO: [ app_begin ] --START--
INFO: Run Behavior\ReadHtmlCacheBehavior [ RunTime:0.000608s ]
INFO: [ app_begin ] --END-- [ RunTime:0.000645s ]
ERR: 非法操作:member-del

[ 2017-08-05T11:23:01+08:00 ] 127.0.0.1 /index.php/Admin/User/member_list.html
INFO: [ app_init ] --START--
INFO: Run Behavior\BuildLiteBehavior [ RunTime:0.000011s ]
INFO: [ app_init ] --END-- [ RunTime:0.000341s ]
INFO: [ app_begin ] --START--
INFO: Run Behavior\ReadHtmlCacheBehavior [ RunTime:0.000739s ]
INFO: [ app_begin ] --END-- [ RunTime:0.000776s ]
SQL: SHOW COLUMNS FROM `xz_admin` [ RunTime:0.0105s ]
SQL: SELECT * FROM `xz_admin` WHERE ( id=1 ) LIMIT 1   [ RunTime:0.0007s ]
SQL: SHOW COLUMNS FROM `xz_category` [ RunTime:0.0102s ]
SQL: SELECT * FROM `xz_category`  [ RunTime:0.0006s ]
SQL: SHOW COLUMNS FROM `xz_member` [ RunTime:0.0065s ]
SQL: SELECT * FROM `xz_member`  [ RunTime:0.0004s ]
INFO: [ view_parse ] --START--
INFO: [ template_filter ] --START--
INFO: Run Behavior\ContentReplaceBehavior [ RunTime:0.000125s ]
INFO: [ template_filter ] --END-- [ RunTime:0.000191s ]
NOTIC: [8] Undefined index: id E:\phpStudy\WWW\App\Runtime\Cache\Admin\d4a7f925b738cba21e648fb68c526d7f.php 第 45 行.
NOTIC: [8] Undefined index: id E:\phpStudy\WWW\App\Runtime\Cache\Admin\d4a7f925b738cba21e648fb68c526d7f.php 第 46 行.
NOTIC: [8] Undefined index: compellation E:\phpStudy\WWW\App\Runtime\Cache\Admin\d4a7f925b738cba21e648fb68c526d7f.php 第 47 行.
NOTIC: [8] Undefined index: id E:\phpStudy\WWW\App\Runtime\Cache\Admin\d4a7f925b738cba21e648fb68c526d7f.php 第 47 行.
NOTIC: [8] Undefined index: username E:\phpStudy\WWW\App\Runtime\Cache\Admin\d4a7f925b738cba21e648fb68c526d7f.php 第 48 行.
NOTIC: [8] Undefined index: sex E:\phpStudy\WWW\App\Runtime\Cache\Admin\d4a7f925b738cba21e648fb68c526d7f.php 第 52 行.
NOTIC: [8] Undefined index: img E:\phpStudy\WWW\App\Runtime\Cache\Admin\d4a7f925b738cba21e648fb68c526d7f.php 第 54 行.
NOTIC: [8] Undefined index: email E:\phpStudy\WWW\App\Runtime\Cache\Admin\d4a7f925b738cba21e648fb68c526d7f.php 第 55 行.
NOTIC: [8] Undefined index: address E:\phpStudy\WWW\App\Runtime\Cache\Admin\d4a7f925b738cba21e648fb68c526d7f.php 第 56 行.
NOTIC: [8] Undefined index: detail_address E:\phpStudy\WWW\App\Runtime\Cache\Admin\d4a7f925b738cba21e648fb68c526d7f.php 第 56 行.
NOTIC: [8] Undefined index: active E:\phpStudy\WWW\App\Runtime\Cache\Admin\d4a7f925b738cba21e648fb68c526d7f.php 第 59 行.
NOTIC: [8] Undefined index: active E:\phpStudy\WWW\App\Runtime\Cache\Admin\d4a7f925b738cba21e648fb68c526d7f.php 第 64 行.
NOTIC: [8] Undefined index: id E:\phpStudy\WWW\App\Runtime\Cache\Admin\d4a7f925b738cba21e648fb68c526d7f.php 第 66 行.
NOTIC: [8] Undefined index: id E:\phpStudy\WWW\App\Runtime\Cache\Admin\d4a7f925b738cba21e648fb68c526d7f.php 第 68 行.
NOTIC: [8] Undefined index: id E:\phpStudy\WWW\App\Runtime\Cache\Admin\d4a7f925b738cba21e648fb68c526d7f.php 第 68 行.
INFO: Run Behavior\ParseTemplateBehavior [ RunTime:0.015984s ]
INFO: [ view_parse ] --END-- [ RunTime:0.016065s ]
INFO: [ view_filter ] --START--
INFO: Run Behavior\WriteHtmlCacheBehavior [ RunTime:0.000926s ]
INFO: [ view_filter ] --END-- [ RunTime:0.001030s ]
INFO: [ app_end ] --START--
INFO: Run Behavior\ShowPageTraceBehavior [ RunTime:0.001389s ]
INFO: [ app_end ] --END-- [ RunTime:0.001473s ]

[ 2017-08-05T11:23:03+08:00 ] 127.0.0.1 /index.php/Admin/User/memberAdd.html
INFO: [ app_init ] --START--
INFO: Run Behavior\BuildLiteBehavior [ RunTime:0.000012s ]
INFO: [ app_init ] --END-- [ RunTime:0.000372s ]
INFO: [ app_begin ] --START--
INFO: Run Behavior\ReadHtmlCacheBehavior [ RunTime:0.000529s ]
INFO: [ app_begin ] --END-- [ RunTime:0.000564s ]
SQL: SHOW COLUMNS FROM `xz_admin` [ RunTime:0.0064s ]
SQL: SELECT * FROM `xz_admin` WHERE ( id=1 ) LIMIT 1   [ RunTime:0.0004s ]
SQL: SHOW COLUMNS FROM `xz_category` [ RunTime:0.0060s ]
SQL: SELECT * FROM `xz_category`  [ RunTime:0.0004s ]
SQL: SHOW COLUMNS FROM `xz_member` [ RunTime:0.0059s ]
SQL: SELECT * FROM `xz_member` WHERE `uid` = 0 LIMIT 1   [ RunTime:0.0004s ]
INFO: [ view_parse ] --START--
INFO: [ template_filter ] --START--
INFO: Run Behavior\ContentReplaceBehavior [ RunTime:0.000107s ]
INFO: [ template_filter ] --END-- [ RunTime:0.000186s ]
INFO: Run Behavior\ParseTemplateBehavior [ RunTime:0.012626s ]
INFO: [ view_parse ] --END-- [ RunTime:0.012724s ]
INFO: [ view_filter ] --START--
INFO: Run Behavior\WriteHtmlCacheBehavior [ RunTime:0.000695s ]
INFO: [ view_filter ] --END-- [ RunTime:0.000762s ]
INFO: [ app_end ] --START--
INFO: Run Behavior\ShowPageTraceBehavior [ RunTime:0.001267s ]
INFO: [ app_end ] --END-- [ RunTime:0.001339s ]

[ 2017-08-05T11:23:46+08:00 ] 127.0.0.1 /index.php/Admin/User/memberAdd.html
INFO: [ app_init ] --START--
INFO: Run Behavior\BuildLiteBehavior [ RunTime:0.000012s ]
INFO: [ app_init ] --END-- [ RunTime:0.000344s ]
INFO: [ app_begin ] --START--
INFO: Run Behavior\ReadHtmlCacheBehavior [ RunTime:0.000455s ]
INFO: [ app_begin ] --END-- [ RunTime:0.000491s ]
SQL: SHOW COLUMNS FROM `xz_admin` [ RunTime:0.0074s ]
SQL: SELECT * FROM `xz_admin` WHERE ( id=1 ) LIMIT 1   [ RunTime:0.0005s ]
SQL: SHOW COLUMNS FROM `xz_category` [ RunTime:0.0074s ]
SQL: SELECT * FROM `xz_category`  [ RunTime:0.0004s ]
SQL: SHOW COLUMNS FROM `xz_member` [ RunTime:0.0163s ]
SQL: SELECT * FROM `xz_member` WHERE `uid` = 0 LIMIT 1   [ RunTime:0.0006s ]
INFO: [ view_parse ] --START--
INFO: [ template_filter ] --START--
INFO: Run Behavior\ContentReplaceBehavior [ RunTime:0.000058s ]
INFO: [ template_filter ] --END-- [ RunTime:0.000101s ]
INFO: Run Behavior\ParseTemplateBehavior [ RunTime:0.006108s ]
INFO: [ view_parse ] --END-- [ RunTime:0.006185s ]
INFO: [ view_filter ] --START--
INFO: Run Behavior\WriteHtmlCacheBehavior [ RunTime:0.000293s ]
INFO: [ view_filter ] --END-- [ RunTime:0.000326s ]
INFO: [ app_end ] --START--
INFO: Run Behavior\ShowPageTraceBehavior [ RunTime:0.000524s ]
INFO: [ app_end ] --END-- [ RunTime:0.000560s ]

[ 2017-08-05T11:29:18+08:00 ] 127.0.0.1 /index.php/Admin/User/memberAdd.html
INFO: [ app_init ] --START--
INFO: Run Behavior\BuildLiteBehavior [ RunTime:0.000028s ]
INFO: [ app_init ] --END-- [ RunTime:0.000448s ]
INFO: [ app_begin ] --START--
INFO: Run Behavior\ReadHtmlCacheBehavior [ RunTime:0.000575s ]
INFO: [ app_begin ] --END-- [ RunTime:0.000614s ]
SQL: SHOW COLUMNS FROM `xz_admin` [ RunTime:0.0122s ]
SQL: SELECT * FROM `xz_admin` WHERE ( id=1 ) LIMIT 1   [ RunTime:0.0007s ]
SQL: SHOW COLUMNS FROM `xz_category` [ RunTime:0.0101s ]
SQL: SELECT * FROM `xz_category`  [ RunTime:0.0006s ]

[ 2017-08-05T11:33:08+08:00 ] 127.0.0.1 /index.php/Admin/User/memberAdd.html
INFO: [ app_init ] --START--
INFO: Run Behavior\BuildLiteBehavior [ RunTime:0.000043s ]
INFO: [ app_init ] --END-- [ RunTime:0.000423s ]
INFO: [ app_begin ] --START--
INFO: Run Behavior\ReadHtmlCacheBehavior [ RunTime:0.000664s ]
INFO: [ app_begin ] --END-- [ RunTime:0.000697s ]
SQL: SHOW COLUMNS FROM `xz_admin` [ RunTime:0.0120s ]
SQL: SELECT * FROM `xz_admin` WHERE ( id=1 ) LIMIT 1   [ RunTime:0.0007s ]
SQL: SHOW COLUMNS FROM `xz_category` [ RunTime:0.0104s ]
SQL: SELECT * FROM `xz_category`  [ RunTime:0.0006s ]
SQL: SHOW COLUMNS FROM `xz_member` [ RunTime:0.0077s ]
SQL: INSERT INTO `xz_member` () VALUES () [ RunTime:0.0054s ]

[ 2017-08-05T11:33:10+08:00 ] 127.0.0.1 /index.php/Admin/User/member_list.html
INFO: [ app_init ] --START--
INFO: Run Behavior\BuildLiteBehavior [ RunTime:0.000012s ]
INFO: [ app_init ] --END-- [ RunTime:0.000325s ]
INFO: [ app_begin ] --START--
INFO: Run Behavior\ReadHtmlCacheBehavior [ RunTime:0.000469s ]
INFO: [ app_begin ] --END-- [ RunTime:0.000504s ]
SQL: SHOW COLUMNS FROM `xz_admin` [ RunTime:0.0102s ]
SQL: SELECT * FROM `xz_admin` WHERE ( id=1 ) LIMIT 1   [ RunTime:0.0006s ]
SQL: SHOW COLUMNS FROM `xz_category` [ RunTime:0.0084s ]
SQL: SELECT * FROM `xz_category`  [ RunTime:0.0005s ]
SQL: SHOW COLUMNS FROM `xz_member` [ RunTime:0.0082s ]
SQL: SELECT * FROM `xz_member`  [ RunTime:0.0006s ]
INFO: [ view_parse ] --START--
INFO: [ template_filter ] --START--
INFO: Run Behavior\ContentReplaceBehavior [ RunTime:0.000122s ]
INFO: [ template_filter ] --END-- [ RunTime:0.000187s ]
NOTIC: [8] Undefined index: id E:\phpStudy\WWW\App\Runtime\Cache\Admin\d4a7f925b738cba21e648fb68c526d7f.php 第 45 行.
NOTIC: [8] Undefined index: id E:\phpStudy\WWW\App\Runtime\Cache\Admin\d4a7f925b738cba21e648fb68c526d7f.php 第 46 行.
NOTIC: [8] Undefined index: compellation E:\phpStudy\WWW\App\Runtime\Cache\Admin\d4a7f925b738cba21e648fb68c526d7f.php 第 47 行.
NOTIC: [8] Undefined index: id E:\phpStudy\WWW\App\Runtime\Cache\Admin\d4a7f925b738cba21e648fb68c526d7f.php 第 47 行.
NOTIC: [8] Undefined index: username E:\phpStudy\WWW\App\Runtime\Cache\Admin\d4a7f925b738cba21e648fb68c526d7f.php 第 48 行.
NOTIC: [8] Undefined index: sex E:\phpStudy\WWW\App\Runtime\Cache\Admin\d4a7f925b738cba21e648fb68c526d7f.php 第 52 行.
NOTIC: [8] Undefined index: img E:\phpStudy\WWW\App\Runtime\Cache\Admin\d4a7f925b738cba21e648fb68c526d7f.php 第 54 行.
NOTIC: [8] Undefined index: email E:\phpStudy\WWW\App\Runtime\Cache\Admin\d4a7f925b738cba21e648fb68c526d7f.php 第 55 行.
NOTIC: [8] Undefined index: address E:\phpStudy\WWW\App\Runtime\Cache\Admin\d4a7f925b738cba21e648fb68c526d7f.php 第 56 行.
NOTIC: [8] Undefined index: detail_address E:\phpStudy\WWW\App\Runtime\Cache\Admin\d4a7f925b738cba21e648fb68c526d7f.php 第 56 行.
NOTIC: [8] Undefined index: active E:\phpStudy\WWW\App\Runtime\Cache\Admin\d4a7f925b738cba21e648fb68c526d7f.php 第 59 行.
NOTIC: [8] Undefined index: active E:\phpStudy\WWW\App\Runtime\Cache\Admin\d4a7f925b738cba21e648fb68c526d7f.php 第 64 行.
NOTIC: [8] Undefined index: id E:\phpStudy\WWW\App\Runtime\Cache\Admin\d4a7f925b738cba21e648fb68c526d7f.php 第 66 行.
NOTIC: [8] Undefined index: id E:\phpStudy\WWW\App\Runtime\Cache\Admin\d4a7f925b738cba21e648fb68c526d7f.php 第 68 行.
NOTIC: [8] Undefined index: id E:\phpStudy\WWW\App\Runtime\Cache\Admin\d4a7f925b738cba21e648fb68c526d7f.php 第 68 行.
NOTIC: [8] Undefined index: id E:\phpStudy\WWW\App\Runtime\Cache\Admin\d4a7f925b738cba21e648fb68c526d7f.php 第 45 行.
NOTIC: [8] Undefined index: id E:\phpStudy\WWW\App\Runtime\Cache\Admin\d4a7f925b738cba21e648fb68c526d7f.php 第 46 行.
NOTIC: [8] Undefined index: compellation E:\phpStudy\WWW\App\Runtime\Cache\Admin\d4a7f925b738cba21e648fb68c526d7f.php 第 47 行.
NOTIC: [8] Undefined index: id E:\phpStudy\WWW\App\Runtime\Cache\Admin\d4a7f925b738cba21e648fb68c526d7f.php 第 47 行.
NOTIC: [8] Undefined index: username E:\phpStudy\WWW\App\Runtime\Cache\Admin\d4a7f925b738cba21e648fb68c526d7f.php 第 48 行.
NOTIC: [8] Undefined index: sex E:\phpStudy\WWW\App\Runtime\Cache\Admin\d4a7f925b738cba21e648fb68c526d7f.php 第 52 行.
NOTIC: [8] Undefined index: img E:\phpStudy\WWW\App\Runtime\Cache\Admin\d4a7f925b738cba21e648fb68c526d7f.php 第 54 行.
NOTIC: [8] Undefined index: email E:\phpStudy\WWW\App\Runtime\Cache\Admin\d4a7f925b738cba21e648fb68c526d7f.php 第 55 行.
NOTIC: [8] Undefined index: address E:\phpStudy\WWW\App\Runtime\Cache\Admin\d4a7f925b738cba21e648fb68c526d7f.php 第 56 行.
NOTIC: [8] Undefined index: detail_address E:\phpStudy\WWW\App\Runtime\Cache\Admin\d4a7f925b738cba21e648fb68c526d7f.php 第 56 行.
NOTIC: [8] Undefined index: active E:\phpStudy\WWW\App\Runtime\Cache\Admin\d4a7f925b738cba21e648fb68c526d7f.php 第 59 行.
NOTIC: [8] Undefined index: active E:\phpStudy\WWW\App\Runtime\Cache\Admin\d4a7f925b738cba21e648fb68c526d7f.php 第 64 行.
NOTIC: [8] Undefined index: id E:\phpStudy\WWW\App\Runtime\Cache\Admin\d4a7f925b738cba21e648fb68c526d7f.php 第 66 行.
NOTIC: [8] Undefined index: id E:\phpStudy\WWW\App\Runtime\Cache\Admin\d4a7f925b738cba21e648fb68c526d7f.php 第 68 行.
NOTIC: [8] Undefined index: id E:\phpStudy\WWW\App\Runtime\Cache\Admin\d4a7f925b738cba21e648fb68c526d7f.php 第 68 行.
INFO: Run Behavior\ParseTemplateBehavior [ RunTime:0.020754s ]
INFO: [ view_parse ] --END-- [ RunTime:0.020855s ]
INFO: [ view_filter ] --START--
INFO: Run Behavior\WriteHtmlCacheBehavior [ RunTime:0.000616s ]
INFO: [ view_filter ] --END-- [ RunTime:0.000674s ]
INFO: [ app_end ] --START--
INFO: Run Behavior\ShowPageTraceBehavior [ RunTime:0.001022s ]
INFO: [ app_end ] --END-- [ RunTime:0.001083s ]

[ 2017-08-05T11:44:39+08:00 ] 127.0.0.1 /index.php/Admin/User/member_list.html
INFO: [ app_init ] --START--
INFO: Run Behavior\BuildLiteBehavior [ RunTime:0.000012s ]
INFO: [ app_init ] --END-- [ RunTime:0.000374s ]
INFO: [ app_begin ] --START--
INFO: Run Behavior\ReadHtmlCacheBehavior [ RunTime:0.000556s ]
INFO: [ app_begin ] --END-- [ RunTime:0.000598s ]
SQL: SHOW COLUMNS FROM `xz_admin` [ RunTime:0.0103s ]
SQL: SELECT * FROM `xz_admin` WHERE ( id=1 ) LIMIT 1   [ RunTime:0.0007s ]
SQL: SHOW COLUMNS FROM `xz_category` [ RunTime:0.0103s ]
SQL: SELECT * FROM `xz_category`  [ RunTime:0.0007s ]
SQL: SHOW COLUMNS FROM `xz_member` [ RunTime:0.0068s ]
SQL: SELECT * FROM `xz_member`  [ RunTime:0.0004s ]
INFO: [ view_parse ] --START--
INFO: [ template_filter ] --START--
INFO: Run Behavior\ContentReplaceBehavior [ RunTime:0.000135s ]
INFO: [ template_filter ] --END-- [ RunTime:0.000206s ]
NOTIC: [8] Undefined index: id E:\phpStudy\WWW\App\Runtime\Cache\Admin\d4a7f925b738cba21e648fb68c526d7f.php 第 42 行.
NOTIC: [8] Undefined index: id E:\phpStudy\WWW\App\Runtime\Cache\Admin\d4a7f925b738cba21e648fb68c526d7f.php 第 43 行.
NOTIC: [8] Undefined index: compellation E:\phpStudy\WWW\App\Runtime\Cache\Admin\d4a7f925b738cba21e648fb68c526d7f.php 第 44 行.
NOTIC: [8] Undefined index: id E:\phpStudy\WWW\App\Runtime\Cache\Admin\d4a7f925b738cba21e648fb68c526d7f.php 第 44 行.
NOTIC: [8] Undefined index: username E:\phpStudy\WWW\App\Runtime\Cache\Admin\d4a7f925b738cba21e648fb68c526d7f.php 第 45 行.
NOTIC: [8] Undefined index: register E:\phpStudy\WWW\App\Runtime\Cache\Admin\d4a7f925b738cba21e648fb68c526d7f.php 第 49 行.
NOTIC: [8] Undefined index: active E:\phpStudy\WWW\App\Runtime\Cache\Admin\d4a7f925b738cba21e648fb68c526d7f.php 第 51 行.
NOTIC: [8] Undefined index: active E:\phpStudy\WWW\App\Runtime\Cache\Admin\d4a7f925b738cba21e648fb68c526d7f.php 第 56 行.
NOTIC: [8] Undefined index: id E:\phpStudy\WWW\App\Runtime\Cache\Admin\d4a7f925b738cba21e648fb68c526d7f.php 第 58 行.
NOTIC: [8] Undefined index: id E:\phpStudy\WWW\App\Runtime\Cache\Admin\d4a7f925b738cba21e648fb68c526d7f.php 第 60 行.
NOTIC: [8] Undefined index: id E:\phpStudy\WWW\App\Runtime\Cache\Admin\d4a7f925b738cba21e648fb68c526d7f.php 第 60 行.
INFO: Run Behavior\ParseTemplateBehavior [ RunTime:0.015979s ]
INFO: [ view_parse ] --END-- [ RunTime:0.016068s ]
INFO: [ view_filter ] --START--
INFO: Run Behavior\WriteHtmlCacheBehavior [ RunTime:0.000701s ]
INFO: [ view_filter ] --END-- [ RunTime:0.000769s ]
INFO: [ app_end ] --START--
INFO: Run Behavior\ShowPageTraceBehavior [ RunTime:0.001187s ]
INFO: [ app_end ] --END-- [ RunTime:0.001256s ]

[ 2017-08-05T11:49:59+08:00 ] 127.0.0.1 /index.php/Admin/User/memberAdd.html
INFO: [ app_init ] --START--
INFO: Run Behavior\BuildLiteBehavior [ RunTime:0.000013s ]
INFO: [ app_init ] --END-- [ RunTime:0.000410s ]
INFO: [ app_begin ] --START--
INFO: Run Behavior\ReadHtmlCacheBehavior [ RunTime:0.000764s ]
INFO: [ app_begin ] --END-- [ RunTime:0.000817s ]
SQL: SHOW COLUMNS FROM `xz_admin` [ RunTime:0.0055s ]
SQL: SELECT * FROM `xz_admin` WHERE ( id=1 ) LIMIT 1   [ RunTime:0.0004s ]
SQL: SHOW COLUMNS FROM `xz_category` [ RunTime:0.0055s ]
SQL: SELECT * FROM `xz_category`  [ RunTime:0.0004s ]
SQL: SHOW COLUMNS FROM `xz_member` [ RunTime:0.0054s ]
SQL: SELECT * FROM `xz_member` WHERE `uid` = 0 LIMIT 1   [ RunTime:0.0004s ]
INFO: [ view_parse ] --START--
INFO: [ template_filter ] --START--
INFO: Run Behavior\ContentReplaceBehavior [ RunTime:0.000074s ]
INFO: [ template_filter ] --END-- [ RunTime:0.000133s ]
INFO: Run Behavior\ParseTemplateBehavior [ RunTime:0.012580s ]
INFO: [ view_parse ] --END-- [ RunTime:0.012684s ]
INFO: [ view_filter ] --START--
INFO: Run Behavior\WriteHtmlCacheBehavior [ RunTime:0.000634s ]
INFO: [ view_filter ] --END-- [ RunTime:0.000677s ]
INFO: [ app_end ] --START--
INFO: Run Behavior\ShowPageTraceBehavior [ RunTime:0.000923s ]
INFO: [ app_end ] --END-- [ RunTime:0.000968s ]

[ 2017-08-05T12:21:17+08:00 ] 127.0.0.1 /index.php/Admin/User/memberAdd.html
INFO: [ app_init ] --START--
INFO: Run Behavior\BuildLiteBehavior [ RunTime:0.000014s ]
INFO: [ app_init ] --END-- [ RunTime:0.000333s ]
INFO: [ app_begin ] --START--
INFO: Run Behavior\ReadHtmlCacheBehavior [ RunTime:0.000557s ]
INFO: [ app_begin ] --END-- [ RunTime:0.000587s ]
SQL: SHOW COLUMNS FROM `xz_admin` [ RunTime:0.0118s ]
SQL: SELECT * FROM `xz_admin` WHERE ( id=1 ) LIMIT 1   [ RunTime:0.0007s ]
SQL: SHOW COLUMNS FROM `xz_category` [ RunTime:0.0098s ]
SQL: SELECT * FROM `xz_category`  [ RunTime:0.0006s ]
NOTIC: [8] Undefined index: prov E:\phpStudy\WWW\App\Admin\Controller\UserController.class.php 第 28 行.
NOTIC: [8] Undefined index: city E:\phpStudy\WWW\App\Admin\Controller\UserController.class.php 第 28 行.
NOTIC: [8] Undefined index: dist E:\phpStudy\WWW\App\Admin\Controller\UserController.class.php 第 28 行.
SQL: SHOW COLUMNS FROM `xz_member` [ RunTime:0.0093s ]
SQL: INSERT INTO `xz_member` (`member_name`,`member_level`) VALUES ('admin3','0') [ RunTime:0.0055s ]

[ 2017-08-05T12:21:18+08:00 ] 127.0.0.1 /index.php/Admin/User/member_list.html
INFO: [ app_init ] --START--
INFO: Run Behavior\BuildLiteBehavior [ RunTime:0.000015s ]
INFO: [ app_init ] --END-- [ RunTime:0.000359s ]
INFO: [ app_begin ] --START--
INFO: Run Behavior\ReadHtmlCacheBehavior [ RunTime:0.000876s ]
INFO: [ app_begin ] --END-- [ RunTime:0.000927s ]
SQL: SHOW COLUMNS FROM `xz_admin` [ RunTime:0.0098s ]
SQL: SELECT * FROM `xz_admin` WHERE ( id=1 ) LIMIT 1   [ RunTime:0.0007s ]
SQL: SHOW COLUMNS FROM `xz_category` [ RunTime:0.0089s ]
SQL: SELECT * FROM `xz_category`  [ RunTime:0.0006s ]
SQL: SHOW COLUMNS FROM `xz_member` [ RunTime:0.0091s ]
SQL: SELECT * FROM `xz_member`  [ RunTime:0.0007s ]
INFO: [ view_parse ] --START--
INFO: [ template_filter ] --START--
INFO: Run Behavior\ContentReplaceBehavior [ RunTime:0.000248s ]
INFO: [ template_filter ] --END-- [ RunTime:0.000391s ]
NOTIC: [8] Undefined index: id E:\phpStudy\WWW\App\Runtime\Cache\Admin\d4a7f925b738cba21e648fb68c526d7f.php 第 42 行.
NOTIC: [8] Undefined index: id E:\phpStudy\WWW\App\Runtime\Cache\Admin\d4a7f925b738cba21e648fb68c526d7f.php 第 43 行.
NOTIC: [8] Undefined index: compellation E:\phpStudy\WWW\App\Runtime\Cache\Admin\d4a7f925b738cba21e648fb68c526d7f.php 第 44 行.
NOTIC: [8] Undefined index: id E:\phpStudy\WWW\App\Runtime\Cache\Admin\d4a7f925b738cba21e648fb68c526d7f.php 第 44 行.
NOTIC: [8] Undefined index: username E:\phpStudy\WWW\App\Runtime\Cache\Admin\d4a7f925b738cba21e648fb68c526d7f.php 第 45 行.
NOTIC: [8] Undefined index: active E:\phpStudy\WWW\App\Runtime\Cache\Admin\d4a7f925b738cba21e648fb68c526d7f.php 第 51 行.
NOTIC: [8] Undefined index: active E:\phpStudy\WWW\App\Runtime\Cache\Admin\d4a7f925b738cba21e648fb68c526d7f.php 第 56 行.
NOTIC: [8] Undefined index: id E:\phpStudy\WWW\App\Runtime\Cache\Admin\d4a7f925b738cba21e648fb68c526d7f.php 第 58 行.
NOTIC: [8] Undefined index: id E:\phpStudy\WWW\App\Runtime\Cache\Admin\d4a7f925b738cba21e648fb68c526d7f.php 第 60 行.
NOTIC: [8] Undefined index: id E:\phpStudy\WWW\App\Runtime\Cache\Admin\d4a7f925b738cba21e648fb68c526d7f.php 第 60 行.
NOTIC: [8] Undefined index: id E:\phpStudy\WWW\App\Runtime\Cache\Admin\d4a7f925b738cba21e648fb68c526d7f.php 第 42 行.
NOTIC: [8] Undefined index: id E:\phpStudy\WWW\App\Runtime\Cache\Admin\d4a7f925b738cba21e648fb68c526d7f.php 第 43 行.
NOTIC: [8] Undefined index: compellation E:\phpStudy\WWW\App\Runtime\Cache\Admin\d4a7f925b738cba21e648fb68c526d7f.php 第 44 行.
NOTIC: [8] Undefined index: id E:\phpStudy\WWW\App\Runtime\Cache\Admin\d4a7f925b738cba21e648fb68c526d7f.php 第 44 行.
NOTIC: [8] Undefined index: username E:\phpStudy\WWW\App\Runtime\Cache\Admin\d4a7f925b738cba21e648fb68c526d7f.php 第 45 行.
NOTIC: [8] Undefined index: register E:\phpStudy\WWW\App\Runtime\Cache\Admin\d4a7f925b738cba21e648fb68c526d7f.php 第 49 行.
NOTIC: [8] Undefined index: active E:\phpStudy\WWW\App\Runtime\Cache\Admin\d4a7f925b738cba21e648fb68c526d7f.php 第 51 行.
NOTIC: [8] Undefined index: active E:\phpStudy\WWW\App\Runtime\Cache\Admin\d4a7f925b738cba21e648fb68c526d7f.php 第 56 行.
NOTIC: [8] Undefined index: id E:\phpStudy\WWW\App\Runtime\Cache\Admin\d4a7f925b738cba21e648fb68c526d7f.php 第 58 行.
NOTIC: [8] Undefined index: id E:\phpStudy\WWW\App\Runtime\Cache\Admin\d4a7f925b738cba21e648fb68c526d7f.php 第 60 行.
NOTIC: [8] Undefined index: id E:\phpStudy\WWW\App\Runtime\Cache\Admin\d4a7f925b738cba21e648fb68c526d7f.php 第 60 行.
INFO: Run Behavior\ParseTemplateBehavior [ RunTime:0.031241s ]
INFO: [ view_parse ] --END-- [ RunTime:0.031390s ]
INFO: [ view_filter ] --START--
INFO: Run Behavior\WriteHtmlCacheBehavior [ RunTime:0.001741s ]
INFO: [ view_filter ] --END-- [ RunTime:0.001855s ]
INFO: [ app_end ] --START--
INFO: Run Behavior\ShowPageTraceBehavior [ RunTime:0.002545s ]
INFO: [ app_end ] --END-- [ RunTime:0.002665s ]

